<?xml version="1.0" encoding="UTF-8"?>
<!-- Generated by org.testng.reporters.JUnitReportReporter -->
<testsuite skipped="0" hostname="SKY-8360268" name="asserations.AssertTrueExamples" tests="2" failures="0" timestamp="2021-07-29T16:18:16 IST" time="0.018" errors="0">
  <testcase name="Test2" time="0.002" classname="asserations.AssertTrueExamples"/>
  <system-out/>
  <testcase name="Test1" time="0.016" classname="asserations.AssertTrueExamples"/>
  <system-out/>
</testsuite> <!-- asserations.AssertTrueExamples -->
