<?xml version="1.0" encoding="UTF-8"?>
<!-- Generated by org.testng.reporters.JUnitReportReporter -->
<testsuite skipped="0" hostname="SKY-8360268" name="asserations.PriortiyExample" tests="6" failures="0" timestamp="2021-08-02T19:55:23 IST" time="0.010" errors="0">
  <testcase name="Z" time="0.006" classname="asserations.PriortiyExample"/>
  <system-out/>
  <testcase name="Y" time="0.001" classname="asserations.PriortiyExample"/>
  <system-out/>
  <testcase name="X" time="0.001" classname="asserations.PriortiyExample"/>
  <system-out/>
  <testcase name="W" time="0.000" classname="asserations.PriortiyExample"/>
  <system-out/>
  <testcase name="R" time="0.001" classname="asserations.PriortiyExample"/>
  <system-out/>
  <testcase name="T" time="0.001" classname="asserations.PriortiyExample"/>
  <system-out/>
</testsuite> <!-- asserations.PriortiyExample -->
