<?xml version="1.0" encoding="UTF-8"?>
<!-- Generated by org.testng.reporters.JUnitReportReporter -->
<testsuite skipped="0" hostname="SKY-8360268" name="GroupingInTestNG.GroupingConcept" tests="4" failures="0" timestamp="2021-08-03T13:45:27 IST" time="0.011" errors="0">
  <testcase name="F" time="0.001" classname="GroupingInTestNG.GroupingConcept"/>
  <system-out/>
  <testcase name="B" time="0.001" classname="GroupingInTestNG.GroupingConcept"/>
  <system-out/>
  <testcase name="E" time="0.001" classname="GroupingInTestNG.GroupingConcept"/>
  <system-out/>
  <testcase name="A" time="0.008" classname="GroupingInTestNG.GroupingConcept"/>
  <system-out/>
</testsuite> <!-- GroupingInTestNG.GroupingConcept -->
