<?xml version="1.0" encoding="UTF-8"?>
<!-- Generated by org.testng.reporters.JUnitReportReporter -->
<testsuite skipped="0" hostname="SKY-8360268" name="asserations.HardAssertExamples" tests="2" failures="0" timestamp="2021-08-02T15:32:00 IST" time="0.010" errors="0">
  <testcase name="B" time="0.002" classname="asserations.HardAssertExamples"/>
  <system-out/>
  <testcase name="A" time="0.008" classname="asserations.HardAssertExamples"/>
  <system-out/>
</testsuite> <!-- asserations.HardAssertExamples -->
