<?xml version="1.0" encoding="UTF-8"?>
<!-- Generated by org.testng.reporters.JUnitReportReporter -->
<testsuite skipped="0" hostname="SKY-8360268" name="GroupingInTestNG.Grouping" tests="3" failures="0" timestamp="2021-08-03T13:59:51 IST" time="0.009" errors="0">
  <testcase name="B" time="0.006" classname="GroupingInTestNG.Grouping"/>
  <system-out/>
  <testcase name="C" time="0.002" classname="GroupingInTestNG.Grouping"/>
  <system-out/>
  <testcase name="D" time="0.001" classname="GroupingInTestNG.Grouping"/>
  <system-out/>
</testsuite> <!-- GroupingInTestNG.Grouping -->
