<?xml version="1.0" encoding="UTF-8"?>
<!-- Generated by org.testng.reporters.JUnitReportReporter -->
<testsuite skipped="0" hostname="SKY-8360268" name="testNGLearning.Auth2Testing" tests="1" failures="0" timestamp="2021-08-12T14:19:07 IST" time="5.053" errors="0">
  <testcase name="Testme" time="5.053" classname="testNGLearning.Auth2Testing"/>
  <system-out/>
</testsuite> <!-- testNGLearning.Auth2Testing -->
