<?xml version="1.0" encoding="UTF-8"?>
<!-- Generated by org.testng.reporters.JUnitReportReporter -->
<testsuite skipped="0" hostname="SKY-8360268" name="testNGLearning.Auth2Test2" tests="2" failures="0" timestamp="2021-08-12T11:52:14 IST" time="7.022" errors="0">
  <testcase name="accessValidAPI" time="1.699" classname="testNGLearning.Auth2Test2"/>
  <system-out/>
  <testcase name="accessInValidAPI" time="5.323" classname="testNGLearning.Auth2Test2"/>
  <system-out/>
</testsuite> <!-- testNGLearning.Auth2Test2 -->
