<?xml version="1.0" encoding="UTF-8"?>
<!-- Generated by org.testng.reporters.JUnitReportReporter -->
<testsuite skipped="1" hostname="SKY-8360268" name="asserations.DisAbleInTestNg" tests="2" failures="0" timestamp="2021-08-02T15:55:43 IST" time="0.005" errors="0">
  <testcase name="T1" time="0.005" classname="asserations.DisAbleInTestNg"/>
  <system-out/>
  <testcase name="T2" classname="asserations.DisAbleInTestNg">
    <skipped/>
  </testcase> <!-- T2 -->
  <system-out/>
</testsuite> <!-- asserations.DisAbleInTestNg -->
