<?xml version="1.0" encoding="UTF-8"?>
<!-- Generated by org.testng.reporters.JUnitReportReporter -->
<testsuite skipped="0" hostname="SKY-8360268" name="testNGLearning.BeforeAnnotations" tests="4" failures="0" timestamp="2021-07-29T15:51:16 IST" time="0.008" errors="0">
  <testcase name="TestMethod_1" time="0.002" classname="testNGLearning.BeforeAnnotations"/>
  <system-out/>
  <testcase name="TestMethod_2" time="0.002" classname="testNGLearning.BeforeAnnotations"/>
  <system-out/>
  <testcase name="TestMethod_1" time="0.002" classname="testNGLearning.BeforeAnnotations"/>
  <system-out/>
  <testcase name="TestMethod_2" time="0.002" classname="testNGLearning.BeforeAnnotations"/>
  <system-out/>
</testsuite> <!-- testNGLearning.BeforeAnnotations -->
