<?xml version="1.0" encoding="UTF-8"?>
<!-- Generated by org.testng.reporters.JUnitReportReporter -->
<testsuite skipped="0" hostname="SKY-8360268" name="asserations.DependencyOnGroupsAndMethodsExamples" tests="4" failures="0" timestamp="2021-08-03T12:53:41 IST" time="0.008" errors="0">
  <testcase name="XXXZ" time="0.005" classname="asserations.DependencyOnGroupsAndMethodsExamples"/>
  <system-out/>
  <testcase name="XYZ" time="0.001" classname="asserations.DependencyOnGroupsAndMethodsExamples"/>
  <system-out/>
  <testcase name="YXY" time="0.000" classname="asserations.DependencyOnGroupsAndMethodsExamples"/>
  <system-out/>
  <testcase name="ABC" time="0.002" classname="asserations.DependencyOnGroupsAndMethodsExamples"/>
  <system-out/>
</testsuite> <!-- asserations.DependencyOnGroupsAndMethodsExamples -->
