<?xml version="1.0" encoding="UTF-8"?>
<!-- Generated by org.testng.reporters.JUnitReportReporter -->
<testsuite skipped="0" hostname="SKY-8360268" name="DataProvider.DataProviderExample" tests="2" failures="0" timestamp="2021-08-03T14:50:51 IST" time="0.006" errors="0">
  <testcase name="addition" time="0.005" classname="DataProvider.DataProviderExample"/>
  <system-out/>
  <testcase name="addition" time="0.001" classname="DataProvider.DataProviderExample"/>
  <system-out/>
</testsuite> <!-- DataProvider.DataProviderExample -->
