<?xml version="1.0" encoding="UTF-8"?>
<!-- Generated by org.testng.reporters.JUnitReportReporter -->
<testsuite skipped="0" hostname="SKY-8360268" name="DataProviderExamples.DataProviderInSeprateClassExample" tests="2" failures="0" timestamp="2021-08-03T16:13:32 IST" time="0.007" errors="0">
  <testcase name="addition" time="0.006" classname="DataProviderExamples.DataProviderInSeprateClassExample"/>
  <system-out/>
  <testcase name="addition" time="0.001" classname="DataProviderExamples.DataProviderInSeprateClassExample"/>
  <system-out/>
</testsuite> <!-- DataProviderExamples.DataProviderInSeprateClassExample -->
