<?xml version="1.0" encoding="UTF-8"?>
<!-- Generated by org.testng.reporters.JUnitReportReporter -->
<testsuite skipped="0" hostname="SKY-8360268" name="testNGLearning.TestAnnotation" tests="2" failures="0" timestamp="2021-07-29T15:51:16 IST" time="0.002" errors="0">
  <testcase name="testMethod" time="0.001" classname="testNGLearning.TestAnnotation"/>
  <system-out/>
  <testcase name="testMethod" time="0.001" classname="testNGLearning.TestAnnotation"/>
  <system-out/>
</testsuite> <!-- testNGLearning.TestAnnotation -->
