<?xml version="1.0" encoding="UTF-8"?>
<!-- Generated by org.testng.reporters.JUnitReportReporter -->
<testsuite skipped="0" hostname="SKY-8360268" name="asserations.DependencyOnParentClassMethodExample" tests="4" failures="0" timestamp="2021-08-03T12:07:48 IST" time="0.005" errors="0">
  <testcase name="Y" time="0.001" classname="asserations.DependencyOnParentClassMethodExample"/>
  <system-out/>
  <testcase name="Z" time="0.002" classname="asserations.DependencyOnParentClassMethodExample"/>
  <system-out/>
  <testcase name="V1" time="0.001" classname="asserations.DependencyOnParentClassMethodExample"/>
  <system-out/>
  <testcase name="V2" time="0.001" classname="asserations.DependencyOnParentClassMethodExample"/>
  <system-out/>
</testsuite> <!-- asserations.DependencyOnParentClassMethodExample -->
