<?xml version="1.0" encoding="UTF-8"?>
<!-- Generated by org.testng.reporters.JUnitReportReporter -->
<testsuite skipped="0" hostname="SKY-8360268" name="DataProviderExamples.DataProviderClassWithMethodParameterExample" tests="4" failures="0" timestamp="2021-08-03T17:25:15 IST" time="0.008" errors="0">
  <testcase name="addition_One" time="0.005" classname="DataProviderExamples.DataProviderClassWithMethodParameterExample"/>
  <system-out/>
  <testcase name="addition_One" time="0.001" classname="DataProviderExamples.DataProviderClassWithMethodParameterExample"/>
  <system-out/>
  <testcase name="addition_Two" time="0.001" classname="DataProviderExamples.DataProviderClassWithMethodParameterExample"/>
  <system-out/>
  <testcase name="addition_Two" time="0.001" classname="DataProviderExamples.DataProviderClassWithMethodParameterExample"/>
  <system-out/>
</testsuite> <!-- DataProviderExamples.DataProviderClassWithMethodParameterExample -->
