<?xml version="1.0" encoding="UTF-8"?>
<!-- Generated by org.testng.reporters.JUnitReportReporter -->
<testsuite skipped="0" hostname="SKY-8360268" name="testNGLearning.Auth2Test" tests="1" failures="0" timestamp="2021-08-11T18:40:11 IST" time="2.858" errors="0">
  <testcase name="Test" time="2.858" classname="testNGLearning.Auth2Test"/>
  <system-out/>
</testsuite> <!-- testNGLearning.Auth2Test -->
